25-06-22.16:09:07.475 [main            ] INFO  RaffleOrderTest        - Starting RaffleOrderTest using Java 1.8.0_391 on LAPTOP-RN9B7MCO with PID 20068 (started by 11140 in E:\java\Project\big-market\big-market-app)
25-06-22.16:09:07.476 [main            ] INFO  RaffleOrderTest        - The following 1 profile is active: "dev"
25-06-22.16:09:08.931 [main            ] INFO  RepositoryConfigurationDelegate - Multiple Spring Data modules found, entering strict repository configuration mode
25-06-22.16:09:08.936 [main            ] INFO  RepositoryConfigurationDelegate - Bootstrapping Spring Data Redis repositories in DEFAULT mode.
25-06-22.16:09:09.020 [main            ] INFO  RepositoryConfigurationDelegate - Finished Spring Data repository scanning in 57 ms. Found 0 Redis repository interfaces.
25-06-22.16:09:11.905 [main            ] INFO  Version                - Redisson 3.23.4
25-06-22.16:09:12.910 [redisson-netty-2-5] INFO  MasterPubSubConnectionPool - 1 connections initialized for 192.168.48.128/192.168.48.128:16379
25-06-22.16:09:12.927 [redisson-netty-2-13] INFO  MasterConnectionPool   - 5 connections initialized for 192.168.48.128/192.168.48.128:16379
25-06-22.16:09:16.515 [main            ] INFO  EndpointLinksResolver  - Exposing 1 endpoint(s) beneath base path '/actuator'
25-06-22.16:09:16.647 [main            ] INFO  RaffleOrderTest        - Started RaffleOrderTest in 9.7 seconds (JVM running for 11.856)
25-06-22.16:09:17.099 [main            ] INFO  HikariDataSource       - Retail_HikariCP - Starting...
25-06-22.16:09:18.377 [main            ] INFO  HikariDataSource       - Retail_HikariCP - Start completed.
25-06-22.16:09:18.511 [main            ] INFO  ActivityBaseActionChain - 活动责任链-基础信息【有效期、状态】校验开始。
25-06-22.16:09:18.511 [main            ] INFO  ActivitySkuStockActionChain - 活动责任链-商品库存处理【校验&扣减】开始。
25-06-22.16:09:18.519 [main            ] INFO  HikariDataSource       - Retail_HikariCP - Starting...
25-06-22.16:09:18.553 [main            ] INFO  HikariDataSource       - Retail_HikariCP - Start completed.
25-06-22.16:09:18.620 [main            ] INFO  RaffleOrderTest        - 测试结果：738810889317
25-06-22.16:09:43.703 [main            ] INFO  RaffleOrderTest        - Starting RaffleOrderTest using Java 1.8.0_391 on LAPTOP-RN9B7MCO with PID 1844 (started by 11140 in E:\java\Project\big-market\big-market-app)
25-06-22.16:09:43.705 [main            ] INFO  RaffleOrderTest        - The following 1 profile is active: "dev"
25-06-22.16:09:45.417 [main            ] INFO  RepositoryConfigurationDelegate - Multiple Spring Data modules found, entering strict repository configuration mode
25-06-22.16:09:45.422 [main            ] INFO  RepositoryConfigurationDelegate - Bootstrapping Spring Data Redis repositories in DEFAULT mode.
25-06-22.16:09:45.493 [main            ] INFO  RepositoryConfigurationDelegate - Finished Spring Data repository scanning in 52 ms. Found 0 Redis repository interfaces.
25-06-22.16:09:48.343 [main            ] INFO  Version                - Redisson 3.23.4
25-06-22.16:09:49.467 [redisson-netty-2-5] INFO  MasterPubSubConnectionPool - 1 connections initialized for 192.168.48.128/192.168.48.128:16379
25-06-22.16:09:49.486 [redisson-netty-2-13] INFO  MasterConnectionPool   - 5 connections initialized for 192.168.48.128/192.168.48.128:16379
25-06-22.16:09:53.440 [main            ] INFO  EndpointLinksResolver  - Exposing 1 endpoint(s) beneath base path '/actuator'
25-06-22.16:09:53.610 [main            ] INFO  RaffleOrderTest        - Started RaffleOrderTest in 10.398 seconds (JVM running for 11.722)
25-06-22.16:09:54.032 [main            ] INFO  HikariDataSource       - Retail_HikariCP - Starting...
25-06-22.16:09:55.011 [scheduling-1    ] INFO  UpdateAwardStockJob    - 定时任务，更新奖品消耗库存【延迟队列获取，降低对数据库的更新频次，不要产生竞争】
25-06-22.16:09:55.429 [main            ] INFO  HikariDataSource       - Retail_HikariCP - Start completed.
25-06-22.16:09:55.527 [main            ] INFO  ActivityBaseActionChain - 活动责任链-基础信息【有效期、状态】校验开始。
25-06-22.16:09:55.527 [main            ] INFO  ActivitySkuStockActionChain - 活动责任链-商品库存处理【校验&扣减】开始。
25-06-22.16:09:55.532 [main            ] INFO  HikariDataSource       - Retail_HikariCP - Starting...
25-06-22.16:09:55.564 [main            ] INFO  HikariDataSource       - Retail_HikariCP - Start completed.
25-06-22.16:09:55.670 [main            ] ERROR ActivityRepository     - 写入订单记录，唯一索引冲突 userId: coudou activityId: 100301 sku: 9011
org.springframework.dao.DuplicateKeyException: 
### Error updating database.  Cause: java.sql.SQLIntegrityConstraintViolationException: Duplicate entry '700091009111' for key 'raffle_activity_order_003.uq_out_business_no'
### The error may exist in file [E:\java\Project\big-market\big-market-app\target\classes\mybatis\mapper\raffle_activity_order_mapper.xml]
### The error may involve cn.coudou.infrastructure.persistent.dao.IRaffleActivityOrderDao.insert-Inline
### The error occurred while setting parameters
### SQL: insert into raffle_activity_order_003         (user_id, sku, activity_id, activity_name, strategy_id, order_id, order_time, state, out_business_no, total_count, day_count, month_count,          create_time, update_time)         values             (?, ?, ?, ?, ?, ?, ?, ?, ?, ?, ?, ?,              now(), now())
### Cause: java.sql.SQLIntegrityConstraintViolationException: Duplicate entry '700091009111' for key 'raffle_activity_order_003.uq_out_business_no'
; Duplicate entry '700091009111' for key 'raffle_activity_order_003.uq_out_business_no'; nested exception is java.sql.SQLIntegrityConstraintViolationException: Duplicate entry '700091009111' for key 'raffle_activity_order_003.uq_out_business_no'
	at org.springframework.jdbc.support.SQLErrorCodeSQLExceptionTranslator.doTranslate(SQLErrorCodeSQLExceptionTranslator.java:247)
	at org.springframework.jdbc.support.AbstractFallbackSQLExceptionTranslator.translate(AbstractFallbackSQLExceptionTranslator.java:70)
	at org.mybatis.spring.MyBatisExceptionTranslator.translateExceptionIfPossible(MyBatisExceptionTranslator.java:91)
	at org.mybatis.spring.SqlSessionTemplate$SqlSessionInterceptor.invoke(SqlSessionTemplate.java:441)
	at com.sun.proxy.$Proxy103.insert(Unknown Source)
	at org.mybatis.spring.SqlSessionTemplate.insert(SqlSessionTemplate.java:272)
	at org.apache.ibatis.binding.MapperMethod.execute(MapperMethod.java:62)
	at org.apache.ibatis.binding.MapperProxy$PlainMethodInvoker.invoke(MapperProxy.java:152)
	at org.apache.ibatis.binding.MapperProxy.invoke(MapperProxy.java:85)
	at com.sun.proxy.$Proxy117.insert(Unknown Source)
	at sun.reflect.NativeMethodAccessorImpl.invoke0(Native Method)
	at sun.reflect.NativeMethodAccessorImpl.invoke(NativeMethodAccessorImpl.java:62)
	at sun.reflect.DelegatingMethodAccessorImpl.invoke(DelegatingMethodAccessorImpl.java:43)
	at java.lang.reflect.Method.invoke(Method.java:498)
	at org.springframework.aop.support.AopUtils.invokeJoinpointUsingReflection(AopUtils.java:344)
	at org.springframework.aop.framework.ReflectiveMethodInvocation.invokeJoinpoint(ReflectiveMethodInvocation.java:198)
	at org.springframework.aop.framework.ReflectiveMethodInvocation.proceed(ReflectiveMethodInvocation.java:163)
	at org.springframework.aop.aspectj.MethodInvocationProceedingJoinPoint.proceed(MethodInvocationProceedingJoinPoint.java:89)
	at cn.bugstack.middleware.db.router.DBRouterJoinPoint.doRouter(DBRouterJoinPoint.java:65)
	at sun.reflect.NativeMethodAccessorImpl.invoke0(Native Method)
	at sun.reflect.NativeMethodAccessorImpl.invoke(NativeMethodAccessorImpl.java:62)
	at sun.reflect.DelegatingMethodAccessorImpl.invoke(DelegatingMethodAccessorImpl.java:43)
	at java.lang.reflect.Method.invoke(Method.java:498)
	at org.springframework.aop.aspectj.AbstractAspectJAdvice.invokeAdviceMethodWithGivenArgs(AbstractAspectJAdvice.java:634)
	at org.springframework.aop.aspectj.AbstractAspectJAdvice.invokeAdviceMethod(AbstractAspectJAdvice.java:624)
	at org.springframework.aop.aspectj.AspectJAroundAdvice.invoke(AspectJAroundAdvice.java:72)
	at org.springframework.aop.framework.ReflectiveMethodInvocation.proceed(ReflectiveMethodInvocation.java:175)
	at org.springframework.aop.interceptor.ExposeInvocationInterceptor.invoke(ExposeInvocationInterceptor.java:97)
	at org.springframework.aop.framework.ReflectiveMethodInvocation.proceed(ReflectiveMethodInvocation.java:186)
	at org.springframework.aop.framework.JdkDynamicAopProxy.invoke(JdkDynamicAopProxy.java:220)
	at com.sun.proxy.$Proxy118.insert(Unknown Source)
	at cn.coudou.infrastructure.persistent.repository.ActivityRepository.lambda$doSaveOrder$0(ActivityRepository.java:142)
	at org.springframework.transaction.support.TransactionTemplate.execute(TransactionTemplate.java:140)
	at cn.coudou.infrastructure.persistent.repository.ActivityRepository.doSaveOrder(ActivityRepository.java:139)
	at cn.coudou.infrastructure.persistent.repository.ActivityRepository$$FastClassBySpringCGLIB$$4c21a5e7.invoke(<generated>)
	at org.springframework.cglib.proxy.MethodProxy.invoke(MethodProxy.java:218)
	at org.springframework.aop.framework.CglibAopProxy$CglibMethodInvocation.invokeJoinpoint(CglibAopProxy.java:793)
	at org.springframework.aop.framework.ReflectiveMethodInvocation.proceed(ReflectiveMethodInvocation.java:163)
	at org.springframework.aop.framework.CglibAopProxy$CglibMethodInvocation.proceed(CglibAopProxy.java:763)
	at org.springframework.dao.support.PersistenceExceptionTranslationInterceptor.invoke(PersistenceExceptionTranslationInterceptor.java:137)
	at org.springframework.aop.framework.ReflectiveMethodInvocation.proceed(ReflectiveMethodInvocation.java:186)
	at org.springframework.aop.framework.CglibAopProxy$CglibMethodInvocation.proceed(CglibAopProxy.java:763)
	at org.springframework.aop.framework.CglibAopProxy$DynamicAdvisedInterceptor.intercept(CglibAopProxy.java:708)
	at cn.coudou.infrastructure.persistent.repository.ActivityRepository$$EnhancerBySpringCGLIB$$fb134214.doSaveOrder(<generated>)
	at cn.coudou.domain.activity.service.quota.RaffleActivityAccountQuotaServiceAccountQuota.doSaveOrder(RaffleActivityService.java:54)
	at cn.coudou.domain.activity.service.quota.AbstractRaffleActivityAccountQuotaAccountQuota.createSkuRechargeOrder(AbstractRaffleActivity.java:61)
	at cn.coudou.test.domain.activity.RaffleActivityAccountQuotaServiceTest.test_createSkuRechargeOrder(RaffleOrderTest.java:31)
	at sun.reflect.NativeMethodAccessorImpl.invoke0(Native Method)
	at sun.reflect.NativeMethodAccessorImpl.invoke(NativeMethodAccessorImpl.java:62)
	at sun.reflect.DelegatingMethodAccessorImpl.invoke(DelegatingMethodAccessorImpl.java:43)
	at java.lang.reflect.Method.invoke(Method.java:498)
	at org.junit.runners.model.FrameworkMethod$1.runReflectiveCall(FrameworkMethod.java:59)
	at org.junit.internal.runners.model.ReflectiveCallable.run(ReflectiveCallable.java:12)
	at org.junit.runners.model.FrameworkMethod.invokeExplosively(FrameworkMethod.java:56)
	at org.junit.internal.runners.statements.InvokeMethod.evaluate(InvokeMethod.java:17)
	at org.springframework.test.context.junit4.statements.RunBeforeTestExecutionCallbacks.evaluate(RunBeforeTestExecutionCallbacks.java:74)
	at org.springframework.test.context.junit4.statements.RunAfterTestExecutionCallbacks.evaluate(RunAfterTestExecutionCallbacks.java:84)
	at org.springframework.test.context.junit4.statements.RunBeforeTestMethodCallbacks.evaluate(RunBeforeTestMethodCallbacks.java:75)
	at org.springframework.test.context.junit4.statements.RunAfterTestMethodCallbacks.evaluate(RunAfterTestMethodCallbacks.java:86)
	at org.springframework.test.context.junit4.statements.SpringRepeat.evaluate(SpringRepeat.java:84)
	at org.junit.runners.ParentRunner.runLeaf(ParentRunner.java:366)
	at org.springframework.test.context.junit4.SpringJUnit4ClassRunner.runChild(SpringJUnit4ClassRunner.java:251)
	at org.springframework.test.context.junit4.SpringJUnit4ClassRunner.runChild(SpringJUnit4ClassRunner.java:97)
	at org.junit.runners.ParentRunner$4.run(ParentRunner.java:331)
	at org.junit.runners.ParentRunner$1.schedule(ParentRunner.java:79)
	at org.junit.runners.ParentRunner.runChildren(ParentRunner.java:329)
	at org.junit.runners.ParentRunner.access$100(ParentRunner.java:66)
	at org.junit.runners.ParentRunner$2.evaluate(ParentRunner.java:293)
	at org.springframework.test.context.junit4.statements.RunBeforeTestClassCallbacks.evaluate(RunBeforeTestClassCallbacks.java:61)
	at org.springframework.test.context.junit4.statements.RunAfterTestClassCallbacks.evaluate(RunAfterTestClassCallbacks.java:70)
	at org.junit.runners.ParentRunner$3.evaluate(ParentRunner.java:306)
	at org.junit.runners.ParentRunner.run(ParentRunner.java:413)
	at org.springframework.test.context.junit4.SpringJUnit4ClassRunner.run(SpringJUnit4ClassRunner.java:190)
	at org.junit.runner.JUnitCore.run(JUnitCore.java:137)
	at com.intellij.junit4.JUnit4IdeaTestRunner.startRunnerWithArgs(JUnit4IdeaTestRunner.java:69)
	at com.intellij.rt.junit.IdeaTestRunner$Repeater$1.execute(IdeaTestRunner.java:38)
	at com.intellij.rt.execution.junit.TestsRepeater.repeat(TestsRepeater.java:11)
	at com.intellij.rt.junit.IdeaTestRunner$Repeater.startRunnerWithArgs(IdeaTestRunner.java:35)
	at com.intellij.rt.junit.JUnitStarter.prepareStreamsAndStart(JUnitStarter.java:232)
	at com.intellij.rt.junit.JUnitStarter.main(JUnitStarter.java:55)
Caused by: java.sql.SQLIntegrityConstraintViolationException: Duplicate entry '700091009111' for key 'raffle_activity_order_003.uq_out_business_no'
	at com.mysql.cj.jdbc.exceptions.SQLError.createSQLException(SQLError.java:117)
	at com.mysql.cj.jdbc.exceptions.SQLError.createSQLException(SQLError.java:97)
	at com.mysql.cj.jdbc.exceptions.SQLExceptionsMapping.translateException(SQLExceptionsMapping.java:122)
	at com.mysql.cj.jdbc.ClientPreparedStatement.executeInternal(ClientPreparedStatement.java:953)
	at com.mysql.cj.jdbc.ClientPreparedStatement.execute(ClientPreparedStatement.java:370)
	at com.zaxxer.hikari.pool.ProxyPreparedStatement.execute(ProxyPreparedStatement.java:44)
	at com.zaxxer.hikari.pool.HikariProxyPreparedStatement.execute(HikariProxyPreparedStatement.java)
	at org.apache.ibatis.executor.statement.PreparedStatementHandler.update(PreparedStatementHandler.java:47)
	at org.apache.ibatis.executor.statement.RoutingStatementHandler.update(RoutingStatementHandler.java:74)
	at sun.reflect.NativeMethodAccessorImpl.invoke0(Native Method)
	at sun.reflect.NativeMethodAccessorImpl.invoke(NativeMethodAccessorImpl.java:62)
	at sun.reflect.DelegatingMethodAccessorImpl.invoke(DelegatingMethodAccessorImpl.java:43)
	at java.lang.reflect.Method.invoke(Method.java:498)
	at org.apache.ibatis.plugin.Plugin.invoke(Plugin.java:63)
	at com.sun.proxy.$Proxy178.update(Unknown Source)
	at org.apache.ibatis.executor.SimpleExecutor.doUpdate(SimpleExecutor.java:50)
	at org.apache.ibatis.executor.BaseExecutor.update(BaseExecutor.java:117)
	at org.apache.ibatis.executor.CachingExecutor.update(CachingExecutor.java:76)
	at org.apache.ibatis.session.defaults.DefaultSqlSession.update(DefaultSqlSession.java:197)
	at org.apache.ibatis.session.defaults.DefaultSqlSession.insert(DefaultSqlSession.java:184)
	at sun.reflect.NativeMethodAccessorImpl.invoke0(Native Method)
	at sun.reflect.NativeMethodAccessorImpl.invoke(NativeMethodAccessorImpl.java:62)
	at sun.reflect.DelegatingMethodAccessorImpl.invoke(DelegatingMethodAccessorImpl.java:43)
	at java.lang.reflect.Method.invoke(Method.java:498)
	at org.mybatis.spring.SqlSessionTemplate$SqlSessionInterceptor.invoke(SqlSessionTemplate.java:427)
	... 76 common frames omitted
25-06-22.16:23:20.364 [main            ] INFO  RaffleOrderTest        - Starting RaffleOrderTest using Java 1.8.0_391 on LAPTOP-RN9B7MCO with PID 21400 (started by 11140 in E:\java\Project\big-market\big-market-app)
25-06-22.16:23:20.366 [main            ] INFO  RaffleOrderTest        - The following 1 profile is active: "dev"
25-06-22.16:23:21.576 [main            ] INFO  RepositoryConfigurationDelegate - Multiple Spring Data modules found, entering strict repository configuration mode
25-06-22.16:23:21.581 [main            ] INFO  RepositoryConfigurationDelegate - Bootstrapping Spring Data Redis repositories in DEFAULT mode.
25-06-22.16:23:21.647 [main            ] INFO  RepositoryConfigurationDelegate - Finished Spring Data repository scanning in 44 ms. Found 0 Redis repository interfaces.
25-06-22.16:23:24.252 [main            ] INFO  Version                - Redisson 3.23.4
25-06-22.16:23:25.254 [redisson-netty-2-5] INFO  MasterPubSubConnectionPool - 1 connections initialized for 192.168.48.128/192.168.48.128:16379
25-06-22.16:23:25.284 [redisson-netty-2-13] INFO  MasterConnectionPool   - 5 connections initialized for 192.168.48.128/192.168.48.128:16379
25-06-22.16:23:28.630 [main            ] INFO  EndpointLinksResolver  - Exposing 1 endpoint(s) beneath base path '/actuator'
25-06-22.16:23:28.740 [main            ] INFO  RaffleOrderTest        - Started RaffleOrderTest in 8.969 seconds (JVM running for 10.6)
25-06-22.16:23:29.086 [main            ] INFO  HikariDataSource       - Retail_HikariCP - Starting...
25-06-22.16:23:30.002 [scheduling-1    ] INFO  UpdateAwardStockJob    - 定时任务，更新奖品消耗库存【延迟队列获取，降低对数据库的更新频次，不要产生竞争】
25-06-22.16:23:30.303 [main            ] INFO  HikariDataSource       - Retail_HikariCP - Start completed.
25-06-22.16:23:30.388 [main            ] INFO  ActivityBaseActionChain - 活动责任链-基础信息【有效期、状态】校验开始。
25-06-22.16:23:30.389 [main            ] INFO  ActivitySkuStockActionChain - 活动责任链-商品库存处理【校验&扣减】开始。
25-06-22.16:23:30.393 [main            ] INFO  HikariDataSource       - Retail_HikariCP - Starting...
25-06-22.16:23:30.417 [main            ] INFO  HikariDataSource       - Retail_HikariCP - Start completed.
25-06-22.16:23:30.453 [main            ] INFO  RaffleOrderTest        - 测试结果：722046111796
25-06-22.20:13:31.974 [main            ] INFO  RaffleOrderTest        - Starting RaffleOrderTest using Java 1.8.0_391 on LAPTOP-RN9B7MCO with PID 17988 (started by 11140 in E:\java\Project\big-market\big-market-app)
25-06-22.20:13:31.975 [main            ] INFO  RaffleOrderTest        - The following 1 profile is active: "dev"
25-06-22.20:13:33.460 [main            ] INFO  RepositoryConfigurationDelegate - Multiple Spring Data modules found, entering strict repository configuration mode
25-06-22.20:13:33.465 [main            ] INFO  RepositoryConfigurationDelegate - Bootstrapping Spring Data Redis repositories in DEFAULT mode.
25-06-22.20:13:33.545 [main            ] INFO  RepositoryConfigurationDelegate - Finished Spring Data repository scanning in 56 ms. Found 0 Redis repository interfaces.
25-06-22.20:13:36.761 [main            ] INFO  Version                - Redisson 3.23.4
25-06-22.20:13:37.710 [redisson-netty-2-4] INFO  MasterPubSubConnectionPool - 1 connections initialized for 192.168.48.128/192.168.48.128:16379
25-06-22.20:13:37.729 [redisson-netty-2-13] INFO  MasterConnectionPool   - 5 connections initialized for 192.168.48.128/192.168.48.128:16379
25-06-22.20:13:42.112 [main            ] INFO  EndpointLinksResolver  - Exposing 1 endpoint(s) beneath base path '/actuator'
25-06-22.20:13:42.220 [main            ] INFO  CachingConnectionFactory - Attempting to connect to: [192.168.48.128:5672]
25-06-22.20:13:42.304 [main            ] INFO  CachingConnectionFactory - Created new connection: rabbitConnectionFactory#1124910c:0/SimpleConnection@19e8fe55 [delegate=amqp://admin@192.168.48.128:5672/, localPort= 9038]
25-06-22.20:13:42.405 [main            ] INFO  RaffleOrderTest        - Started RaffleOrderTest in 11.148 seconds (JVM running for 13.027)
25-06-22.20:13:42.806 [main            ] INFO  HikariDataSource       - Retail_HikariCP - Starting...
25-06-22.20:13:43.246 [main            ] INFO  HikariDataSource       - Retail_HikariCP - Start completed.
25-06-22.20:13:43.363 [main            ] INFO  RaffleOrderTest        - 装配活动：true
25-06-22.20:13:43.429 [main            ] INFO  ActivityBaseActionChain - 活动责任链-基础信息【有效期、状态】校验开始。
25-06-22.20:13:43.430 [main            ] INFO  ActivitySkuStockActionChain - 活动责任链-商品库存处理【有效期、状态、库存(sku)】开始。sku:9011 activityId:100301
25-06-22.20:13:43.434 [main            ] INFO  ActivitySkuStockActionChain - 活动责任链-商品库存处理【有效期、状态、库存(sku)】成功。sku:9011 activityId:100301
25-06-22.20:13:43.497 [main            ] INFO  HikariDataSource       - Retail_HikariCP - Starting...
25-06-22.20:13:43.553 [main            ] INFO  HikariDataSource       - Retail_HikariCP - Start completed.
25-06-22.20:13:43.602 [main            ] INFO  RaffleOrderTest        - 测试结果：328834702818
25-06-22.20:13:43.607 [main            ] INFO  ActivityBaseActionChain - 活动责任链-基础信息【有效期、状态】校验开始。
25-06-22.20:13:43.607 [main            ] INFO  ActivitySkuStockActionChain - 活动责任链-商品库存处理【有效期、状态、库存(sku)】开始。sku:9011 activityId:100301
25-06-22.20:13:43.612 [main            ] INFO  ActivitySkuStockActionChain - 活动责任链-商品库存处理【有效期、状态、库存(sku)】成功。sku:9011 activityId:100301
25-06-22.20:13:43.639 [main            ] INFO  RaffleOrderTest        - 测试结果：479282567359
25-06-22.20:13:43.647 [main            ] INFO  ActivityBaseActionChain - 活动责任链-基础信息【有效期、状态】校验开始。
25-06-22.20:13:43.648 [main            ] INFO  ActivitySkuStockActionChain - 活动责任链-商品库存处理【有效期、状态、库存(sku)】开始。sku:9011 activityId:100301
25-06-22.20:13:43.651 [main            ] INFO  ActivitySkuStockActionChain - 活动责任链-商品库存处理【有效期、状态、库存(sku)】成功。sku:9011 activityId:100301
25-06-22.20:13:43.668 [main            ] INFO  RaffleOrderTest        - 测试结果：563093006501
25-06-22.20:13:43.678 [main            ] INFO  ActivityBaseActionChain - 活动责任链-基础信息【有效期、状态】校验开始。
25-06-22.20:13:43.678 [main            ] INFO  ActivitySkuStockActionChain - 活动责任链-商品库存处理【有效期、状态、库存(sku)】开始。sku:9011 activityId:100301
25-06-22.20:13:43.683 [main            ] INFO  ActivitySkuStockActionChain - 活动责任链-商品库存处理【有效期、状态、库存(sku)】成功。sku:9011 activityId:100301
25-06-22.20:13:43.702 [main            ] INFO  RaffleOrderTest        - 测试结果：988974438466
25-06-22.20:13:43.712 [main            ] INFO  ActivityBaseActionChain - 活动责任链-基础信息【有效期、状态】校验开始。
25-06-22.20:13:43.712 [main            ] INFO  ActivitySkuStockActionChain - 活动责任链-商品库存处理【有效期、状态、库存(sku)】开始。sku:9011 activityId:100301
25-06-22.20:13:43.718 [main            ] INFO  ActivitySkuStockActionChain - 活动责任链-商品库存处理【有效期、状态、库存(sku)】成功。sku:9011 activityId:100301
25-06-22.20:13:43.753 [main            ] INFO  RaffleOrderTest        - 测试结果：601726879742
25-06-22.20:13:43.761 [main            ] INFO  ActivityBaseActionChain - 活动责任链-基础信息【有效期、状态】校验开始。
25-06-22.20:13:43.761 [main            ] INFO  ActivitySkuStockActionChain - 活动责任链-商品库存处理【有效期、状态、库存(sku)】开始。sku:9011 activityId:100301
25-06-22.20:13:43.768 [main            ] INFO  ActivitySkuStockActionChain - 活动责任链-商品库存处理【有效期、状态、库存(sku)】成功。sku:9011 activityId:100301
25-06-22.20:13:43.807 [main            ] INFO  RaffleOrderTest        - 测试结果：297888849910
25-06-22.20:13:43.813 [main            ] INFO  ActivityBaseActionChain - 活动责任链-基础信息【有效期、状态】校验开始。
25-06-22.20:13:43.813 [main            ] INFO  ActivitySkuStockActionChain - 活动责任链-商品库存处理【有效期、状态、库存(sku)】开始。sku:9011 activityId:100301
25-06-22.20:13:43.816 [main            ] INFO  ActivitySkuStockActionChain - 活动责任链-商品库存处理【有效期、状态、库存(sku)】成功。sku:9011 activityId:100301
25-06-22.20:13:43.834 [main            ] INFO  RaffleOrderTest        - 测试结果：701727577877
25-06-22.20:13:43.841 [main            ] INFO  ActivityBaseActionChain - 活动责任链-基础信息【有效期、状态】校验开始。
25-06-22.20:13:43.841 [main            ] INFO  ActivitySkuStockActionChain - 活动责任链-商品库存处理【有效期、状态、库存(sku)】开始。sku:9011 activityId:100301
25-06-22.20:13:43.844 [main            ] INFO  ActivitySkuStockActionChain - 活动责任链-商品库存处理【有效期、状态、库存(sku)】成功。sku:9011 activityId:100301
25-06-22.20:13:43.865 [main            ] INFO  RaffleOrderTest        - 测试结果：970851974750
25-06-22.20:13:43.872 [main            ] INFO  ActivityBaseActionChain - 活动责任链-基础信息【有效期、状态】校验开始。
25-06-22.20:13:43.872 [main            ] INFO  ActivitySkuStockActionChain - 活动责任链-商品库存处理【有效期、状态、库存(sku)】开始。sku:9011 activityId:100301
25-06-22.20:13:43.875 [main            ] INFO  ActivitySkuStockActionChain - 活动责任链-商品库存处理【有效期、状态、库存(sku)】成功。sku:9011 activityId:100301
25-06-22.20:13:43.889 [main            ] INFO  RaffleOrderTest        - 测试结果：021354692552
25-06-22.20:13:43.895 [main            ] INFO  ActivityBaseActionChain - 活动责任链-基础信息【有效期、状态】校验开始。
25-06-22.20:13:43.895 [main            ] INFO  ActivitySkuStockActionChain - 活动责任链-商品库存处理【有效期、状态、库存(sku)】开始。sku:9011 activityId:100301
25-06-22.20:13:43.898 [main            ] INFO  ActivitySkuStockActionChain - 活动责任链-商品库存处理【有效期、状态、库存(sku)】成功。sku:9011 activityId:100301
25-06-22.20:13:43.915 [main            ] INFO  RaffleOrderTest        - 测试结果：961118152728
25-06-22.20:13:43.922 [main            ] INFO  ActivityBaseActionChain - 活动责任链-基础信息【有效期、状态】校验开始。
25-06-22.20:13:43.922 [main            ] INFO  ActivitySkuStockActionChain - 活动责任链-商品库存处理【有效期、状态、库存(sku)】开始。sku:9011 activityId:100301
25-06-22.20:13:43.925 [main            ] INFO  ActivitySkuStockActionChain - 活动责任链-商品库存处理【有效期、状态、库存(sku)】成功。sku:9011 activityId:100301
25-06-22.20:13:43.971 [main            ] INFO  RaffleOrderTest        - 测试结果：312397800795
25-06-22.20:13:43.983 [main            ] INFO  ActivityBaseActionChain - 活动责任链-基础信息【有效期、状态】校验开始。
25-06-22.20:13:43.983 [main            ] INFO  ActivitySkuStockActionChain - 活动责任链-商品库存处理【有效期、状态、库存(sku)】开始。sku:9011 activityId:100301
25-06-22.20:13:43.986 [main            ] INFO  ActivitySkuStockActionChain - 活动责任链-商品库存处理【有效期、状态、库存(sku)】成功。sku:9011 activityId:100301
25-06-22.20:13:44.019 [main            ] INFO  RaffleOrderTest        - 测试结果：430974108086
25-06-22.20:13:44.028 [main            ] INFO  ActivityBaseActionChain - 活动责任链-基础信息【有效期、状态】校验开始。
25-06-22.20:13:44.029 [main            ] INFO  ActivitySkuStockActionChain - 活动责任链-商品库存处理【有效期、状态、库存(sku)】开始。sku:9011 activityId:100301
25-06-22.20:13:44.034 [main            ] INFO  ActivitySkuStockActionChain - 活动责任链-商品库存处理【有效期、状态、库存(sku)】成功。sku:9011 activityId:100301
25-06-22.20:13:44.052 [main            ] INFO  RaffleOrderTest        - 测试结果：388658109456
25-06-22.20:13:44.059 [main            ] INFO  ActivityBaseActionChain - 活动责任链-基础信息【有效期、状态】校验开始。
25-06-22.20:13:44.059 [main            ] INFO  ActivitySkuStockActionChain - 活动责任链-商品库存处理【有效期、状态、库存(sku)】开始。sku:9011 activityId:100301
25-06-22.20:13:44.062 [main            ] INFO  ActivitySkuStockActionChain - 活动责任链-商品库存处理【有效期、状态、库存(sku)】成功。sku:9011 activityId:100301
25-06-22.20:13:44.076 [main            ] INFO  RaffleOrderTest        - 测试结果：758077242169
25-06-22.20:13:44.084 [main            ] INFO  ActivityBaseActionChain - 活动责任链-基础信息【有效期、状态】校验开始。
25-06-22.20:13:44.085 [main            ] INFO  ActivitySkuStockActionChain - 活动责任链-商品库存处理【有效期、状态、库存(sku)】开始。sku:9011 activityId:100301
25-06-22.20:13:44.088 [main            ] INFO  ActivitySkuStockActionChain - 活动责任链-商品库存处理【有效期、状态、库存(sku)】成功。sku:9011 activityId:100301
25-06-22.20:13:44.106 [main            ] INFO  RaffleOrderTest        - 测试结果：312846537164
25-06-22.20:13:44.114 [main            ] INFO  ActivityBaseActionChain - 活动责任链-基础信息【有效期、状态】校验开始。
25-06-22.20:13:44.114 [main            ] INFO  ActivitySkuStockActionChain - 活动责任链-商品库存处理【有效期、状态、库存(sku)】开始。sku:9011 activityId:100301
25-06-22.20:13:44.117 [main            ] INFO  ActivitySkuStockActionChain - 活动责任链-商品库存处理【有效期、状态、库存(sku)】成功。sku:9011 activityId:100301
25-06-22.20:13:44.167 [main            ] INFO  RaffleOrderTest        - 测试结果：567499365872
25-06-22.20:13:44.176 [main            ] INFO  ActivityBaseActionChain - 活动责任链-基础信息【有效期、状态】校验开始。
25-06-22.20:13:44.176 [main            ] INFO  ActivitySkuStockActionChain - 活动责任链-商品库存处理【有效期、状态、库存(sku)】开始。sku:9011 activityId:100301
25-06-22.20:13:44.179 [main            ] INFO  ActivitySkuStockActionChain - 活动责任链-商品库存处理【有效期、状态、库存(sku)】成功。sku:9011 activityId:100301
25-06-22.20:13:44.196 [main            ] INFO  RaffleOrderTest        - 测试结果：076941840512
25-06-22.20:13:44.202 [main            ] INFO  ActivityBaseActionChain - 活动责任链-基础信息【有效期、状态】校验开始。
25-06-22.20:13:44.202 [main            ] INFO  ActivitySkuStockActionChain - 活动责任链-商品库存处理【有效期、状态、库存(sku)】开始。sku:9011 activityId:100301
25-06-22.20:13:44.206 [main            ] INFO  ActivitySkuStockActionChain - 活动责任链-商品库存处理【有效期、状态、库存(sku)】成功。sku:9011 activityId:100301
25-06-22.20:13:44.225 [main            ] INFO  RaffleOrderTest        - 测试结果：762157700959
25-06-22.20:13:44.231 [main            ] INFO  ActivityBaseActionChain - 活动责任链-基础信息【有效期、状态】校验开始。
25-06-22.20:13:44.231 [main            ] INFO  ActivitySkuStockActionChain - 活动责任链-商品库存处理【有效期、状态、库存(sku)】开始。sku:9011 activityId:100301
25-06-22.20:13:44.234 [main            ] INFO  ActivitySkuStockActionChain - 活动责任链-商品库存处理【有效期、状态、库存(sku)】成功。sku:9011 activityId:100301
25-06-22.20:13:44.247 [main            ] INFO  RaffleOrderTest        - 测试结果：999830345833
25-06-22.20:13:44.253 [main            ] INFO  ActivityBaseActionChain - 活动责任链-基础信息【有效期、状态】校验开始。
25-06-22.20:13:44.253 [main            ] INFO  ActivitySkuStockActionChain - 活动责任链-商品库存处理【有效期、状态、库存(sku)】开始。sku:9011 activityId:100301
25-06-22.20:13:44.555 [main            ] INFO  EventPublisher         - 发送MQ消息 topic:activity_sku_stock_zero message:{"data":9011,"id":"63044611701","timestamp":1750594424256}
25-06-22.20:13:44.556 [main            ] WARN  RaffleOrderTest        - 活动库存不足
25-06-22.20:13:44.568 [org.springframework.amqp.rabbit.RabbitListenerEndpointContainer#0-1] INFO  ActivitySkuStockZeroCustomer - 监听活动sku库存消耗为0消息 topic: activity_sku_stock_zero message: {"data":9011,"id":"63044611701","timestamp":1750594424256}
25-06-22.20:13:45.005 [scheduling-1    ] INFO  UpdateActivitySkuStockJob - 定时任务，更新活动sku库存【延迟队列获取，降低对数据库的更新频次，不要产生竞争】
25-06-22.20:13:45.007 [scheduling-1    ] INFO  UpdateAwardStockJob    - 定时任务，更新奖品消耗库存【延迟队列获取，降低对数据库的更新频次，不要产生竞争】
25-06-22.20:13:50.012 [scheduling-1    ] INFO  UpdateAwardStockJob    - 定时任务，更新奖品消耗库存【延迟队列获取，降低对数据库的更新频次，不要产生竞争】
25-06-22.20:13:50.014 [scheduling-1    ] INFO  UpdateActivitySkuStockJob - 定时任务，更新活动sku库存【延迟队列获取，降低对数据库的更新频次，不要产生竞争】
25-06-22.20:13:50.016 [scheduling-1    ] INFO  UpdateActivitySkuStockJob - 定时任务，更新活动sku库存 sku:9011 activityId:100301
25-06-22.20:13:55.011 [scheduling-1    ] INFO  UpdateActivitySkuStockJob - 定时任务，更新活动sku库存【延迟队列获取，降低对数据库的更新频次，不要产生竞争】
25-06-22.20:13:55.012 [scheduling-1    ] INFO  UpdateActivitySkuStockJob - 定时任务，更新活动sku库存 sku:9011 activityId:100301
25-06-22.20:13:55.015 [scheduling-1    ] INFO  UpdateAwardStockJob    - 定时任务，更新奖品消耗库存【延迟队列获取，降低对数据库的更新频次，不要产生竞争】
25-06-22.20:14:00.005 [scheduling-1    ] INFO  UpdateActivitySkuStockJob - 定时任务，更新活动sku库存【延迟队列获取，降低对数据库的更新频次，不要产生竞争】
25-06-22.20:14:00.007 [scheduling-1    ] INFO  UpdateActivitySkuStockJob - 定时任务，更新活动sku库存 sku:9011 activityId:100301
25-06-22.20:14:00.009 [scheduling-1    ] INFO  UpdateAwardStockJob    - 定时任务，更新奖品消耗库存【延迟队列获取，降低对数据库的更新频次，不要产生竞争】
25-06-22.20:14:05.007 [scheduling-1    ] INFO  UpdateAwardStockJob    - 定时任务，更新奖品消耗库存【延迟队列获取，降低对数据库的更新频次，不要产生竞争】
25-06-22.20:14:05.008 [scheduling-1    ] INFO  UpdateActivitySkuStockJob - 定时任务，更新活动sku库存【延迟队列获取，降低对数据库的更新频次，不要产生竞争】
25-06-22.20:14:05.010 [scheduling-1    ] INFO  UpdateActivitySkuStockJob - 定时任务，更新活动sku库存 sku:9011 activityId:100301
25-06-22.20:14:10.003 [scheduling-1    ] INFO  UpdateActivitySkuStockJob - 定时任务，更新活动sku库存【延迟队列获取，降低对数据库的更新频次，不要产生竞争】
25-06-22.20:14:10.004 [scheduling-1    ] INFO  UpdateActivitySkuStockJob - 定时任务，更新活动sku库存 sku:9011 activityId:100301
25-06-22.20:14:10.007 [scheduling-1    ] INFO  UpdateAwardStockJob    - 定时任务，更新奖品消耗库存【延迟队列获取，降低对数据库的更新频次，不要产生竞争】
25-06-22.20:14:13.233 [org.springframework.amqp.rabbit.RabbitListenerEndpointContainer#0-2] INFO  SimpleMessageListenerContainer - Waiting for workers to finish.
25-06-22.20:14:13.737 [org.springframework.amqp.rabbit.RabbitListenerEndpointContainer#0-2] INFO  SimpleMessageListenerContainer - Successfully waited for workers to finish.
25-06-22.20:14:13.741 [SpringApplicationShutdownHook] INFO  SimpleMessageListenerContainer - Shutdown ignored - container is already stopped
25-06-23.19:41:45.457 [main            ] INFO  RaffleActivityPartakeServiceTest - Starting RaffleActivityPartakeServiceTest using Java 1.8.0_391 on LAPTOP-RN9B7MCO with PID 22008 (started by 11140 in E:\java\Project\big-market\big-market-app)
25-06-23.19:41:45.458 [main            ] INFO  RaffleActivityPartakeServiceTest - The following 1 profile is active: "dev"
25-06-23.19:41:47.026 [main            ] INFO  RepositoryConfigurationDelegate - Multiple Spring Data modules found, entering strict repository configuration mode
25-06-23.19:41:47.032 [main            ] INFO  RepositoryConfigurationDelegate - Bootstrapping Spring Data Redis repositories in DEFAULT mode.
25-06-23.19:41:47.109 [main            ] INFO  RepositoryConfigurationDelegate - Finished Spring Data repository scanning in 54 ms. Found 0 Redis repository interfaces.
25-06-23.19:41:50.479 [main            ] INFO  Version                - Redisson 3.23.4
25-06-23.19:41:51.621 [redisson-netty-2-5] INFO  MasterPubSubConnectionPool - 1 connections initialized for 192.168.48.128/192.168.48.128:16379
25-06-23.19:41:51.638 [redisson-netty-2-13] INFO  MasterConnectionPool   - 5 connections initialized for 192.168.48.128/192.168.48.128:16379
25-06-23.19:41:51.842 [main            ] WARN  GenericWebApplicationContext - Exception encountered during context initialization - cancelling refresh attempt: org.springframework.beans.factory.BeanCreationException: Error creating bean with name 'updateActivitySkuStockJob': Injection of resource dependencies failed; nested exception is org.springframework.beans.factory.UnsatisfiedDependencyException: Error creating bean with name 'raffleActivityAccountQuotaServiceAccountQuota' defined in file [E:\java\Project\big-market\big-market-domain\target\classes\cn\coudou\domain\activity\service\quota\RaffleActivityAccountQuotaServiceAccountQuota.class]: Unsatisfied dependency expressed through constructor parameter 0; nested exception is org.springframework.beans.factory.BeanCreationException: Error creating bean with name 'activityRepository': Injection of resource dependencies failed; nested exception is org.springframework.beans.factory.NoSuchBeanDefinitionException: No qualifying bean of type 'cn.coudou.infrastructure.persistent.dao.IRaffleActivityAccountMonthDao' available: expected at least 1 bean which qualifies as autowire candidate. Dependency annotations: {@javax.annotation.Resource(shareable=true, lookup=, name=, description=, authenticationType=CONTAINER, type=class java.lang.Object, mappedName=)}
25-06-23.19:41:51.899 [main            ] INFO  ConditionEvaluationReportLoggingListener - 

Error starting ApplicationContext. To display the conditions report re-run your application with 'debug' enabled.
25-06-23.19:41:51.937 [main            ] ERROR LoggingFailureAnalysisReporter - 

***************************
APPLICATION FAILED TO START
***************************

Description:

Parameter 0 of constructor in cn.coudou.domain.activity.service.quota.RaffleActivityAccountQuotaServiceAccountQuota required a bean of type 'cn.coudou.infrastructure.persistent.dao.IRaffleActivityAccountMonthDao' that could not be found.


Action:

Consider defining a bean of type 'cn.coudou.infrastructure.persistent.dao.IRaffleActivityAccountMonthDao' in your configuration.

25-06-23.19:41:51.941 [main            ] ERROR TestContextManager     - Caught exception while allowing TestExecutionListener [org.springframework.test.context.web.ServletTestExecutionListener@f79e] to prepare test instance [cn.coudou.test.domain.activity.RaffleActivityPartakeServiceTest@6682e6a5]
java.lang.IllegalStateException: Failed to load ApplicationContext
	at org.springframework.test.context.cache.DefaultCacheAwareContextLoaderDelegate.loadContext(DefaultCacheAwareContextLoaderDelegate.java:98)
	at org.springframework.test.context.support.DefaultTestContext.getApplicationContext(DefaultTestContext.java:124)
	at org.springframework.test.context.web.ServletTestExecutionListener.setUpRequestContextIfNecessary(ServletTestExecutionListener.java:190)
	at org.springframework.test.context.web.ServletTestExecutionListener.prepareTestInstance(ServletTestExecutionListener.java:132)
	at org.springframework.test.context.TestContextManager.prepareTestInstance(TestContextManager.java:248)
	at org.springframework.test.context.junit4.SpringJUnit4ClassRunner.createTest(SpringJUnit4ClassRunner.java:227)
	at org.springframework.test.context.junit4.SpringJUnit4ClassRunner$1.runReflectiveCall(SpringJUnit4ClassRunner.java:289)
	at org.junit.internal.runners.model.ReflectiveCallable.run(ReflectiveCallable.java:12)
	at org.springframework.test.context.junit4.SpringJUnit4ClassRunner.methodBlock(SpringJUnit4ClassRunner.java:291)
	at org.springframework.test.context.junit4.SpringJUnit4ClassRunner.runChild(SpringJUnit4ClassRunner.java:246)
	at org.springframework.test.context.junit4.SpringJUnit4ClassRunner.runChild(SpringJUnit4ClassRunner.java:97)
	at org.junit.runners.ParentRunner$4.run(ParentRunner.java:331)
	at org.junit.runners.ParentRunner$1.schedule(ParentRunner.java:79)
	at org.junit.runners.ParentRunner.runChildren(ParentRunner.java:329)
	at org.junit.runners.ParentRunner.access$100(ParentRunner.java:66)
	at org.junit.runners.ParentRunner$2.evaluate(ParentRunner.java:293)
	at org.springframework.test.context.junit4.statements.RunBeforeTestClassCallbacks.evaluate(RunBeforeTestClassCallbacks.java:61)
	at org.springframework.test.context.junit4.statements.RunAfterTestClassCallbacks.evaluate(RunAfterTestClassCallbacks.java:70)
	at org.junit.runners.ParentRunner$3.evaluate(ParentRunner.java:306)
	at org.junit.runners.ParentRunner.run(ParentRunner.java:413)
	at org.springframework.test.context.junit4.SpringJUnit4ClassRunner.run(SpringJUnit4ClassRunner.java:190)
	at org.junit.runner.JUnitCore.run(JUnitCore.java:137)
	at com.intellij.junit4.JUnit4IdeaTestRunner.startRunnerWithArgs(JUnit4IdeaTestRunner.java:69)
	at com.intellij.rt.junit.IdeaTestRunner$Repeater$1.execute(IdeaTestRunner.java:38)
	at com.intellij.rt.execution.junit.TestsRepeater.repeat(TestsRepeater.java:11)
	at com.intellij.rt.junit.IdeaTestRunner$Repeater.startRunnerWithArgs(IdeaTestRunner.java:35)
	at com.intellij.rt.junit.JUnitStarter.prepareStreamsAndStart(JUnitStarter.java:232)
	at com.intellij.rt.junit.JUnitStarter.main(JUnitStarter.java:55)
Caused by: org.springframework.beans.factory.BeanCreationException: Error creating bean with name 'updateActivitySkuStockJob': Injection of resource dependencies failed; nested exception is org.springframework.beans.factory.UnsatisfiedDependencyException: Error creating bean with name 'raffleActivityAccountQuotaServiceAccountQuota' defined in file [E:\java\Project\big-market\big-market-domain\target\classes\cn\coudou\domain\activity\service\quota\RaffleActivityAccountQuotaServiceAccountQuota.class]: Unsatisfied dependency expressed through constructor parameter 0; nested exception is org.springframework.beans.factory.BeanCreationException: Error creating bean with name 'activityRepository': Injection of resource dependencies failed; nested exception is org.springframework.beans.factory.NoSuchBeanDefinitionException: No qualifying bean of type 'cn.coudou.infrastructure.persistent.dao.IRaffleActivityAccountMonthDao' available: expected at least 1 bean which qualifies as autowire candidate. Dependency annotations: {@javax.annotation.Resource(shareable=true, lookup=, name=, description=, authenticationType=CONTAINER, type=class java.lang.Object, mappedName=)}
	at org.springframework.context.annotation.CommonAnnotationBeanPostProcessor.postProcessProperties(CommonAnnotationBeanPostProcessor.java:332)
	at org.springframework.beans.factory.support.AbstractAutowireCapableBeanFactory.populateBean(AbstractAutowireCapableBeanFactory.java:1431)
	at org.springframework.beans.factory.support.AbstractAutowireCapableBeanFactory.doCreateBean(AbstractAutowireCapableBeanFactory.java:619)
	at org.springframework.beans.factory.support.AbstractAutowireCapableBeanFactory.createBean(AbstractAutowireCapableBeanFactory.java:542)
	at org.springframework.beans.factory.support.AbstractBeanFactory.lambda$doGetBean$0(AbstractBeanFactory.java:335)
	at org.springframework.beans.factory.support.DefaultSingletonBeanRegistry.getSingleton(DefaultSingletonBeanRegistry.java:234)
	at org.springframework.beans.factory.support.AbstractBeanFactory.doGetBean(AbstractBeanFactory.java:333)
	at org.springframework.beans.factory.support.AbstractBeanFactory.getBean(AbstractBeanFactory.java:208)
	at org.springframework.beans.factory.support.DefaultListableBeanFactory.preInstantiateSingletons(DefaultListableBeanFactory.java:955)
	at org.springframework.context.support.AbstractApplicationContext.finishBeanFactoryInitialization(AbstractApplicationContext.java:920)
	at org.springframework.context.support.AbstractApplicationContext.refresh(AbstractApplicationContext.java:583)
	at org.springframework.boot.SpringApplication.refresh(SpringApplication.java:731)
	at org.springframework.boot.SpringApplication.refreshContext(SpringApplication.java:408)
	at org.springframework.boot.SpringApplication.run(SpringApplication.java:307)
	at org.springframework.boot.test.context.SpringBootContextLoader.loadContext(SpringBootContextLoader.java:136)
	at org.springframework.test.context.cache.DefaultCacheAwareContextLoaderDelegate.loadContextInternal(DefaultCacheAwareContextLoaderDelegate.java:141)
	at org.springframework.test.context.cache.DefaultCacheAwareContextLoaderDelegate.loadContext(DefaultCacheAwareContextLoaderDelegate.java:90)
	... 27 common frames omitted
Caused by: org.springframework.beans.factory.UnsatisfiedDependencyException: Error creating bean with name 'raffleActivityAccountQuotaServiceAccountQuota' defined in file [E:\java\Project\big-market\big-market-domain\target\classes\cn\coudou\domain\activity\service\quota\RaffleActivityAccountQuotaServiceAccountQuota.class]: Unsatisfied dependency expressed through constructor parameter 0; nested exception is org.springframework.beans.factory.BeanCreationException: Error creating bean with name 'activityRepository': Injection of resource dependencies failed; nested exception is org.springframework.beans.factory.NoSuchBeanDefinitionException: No qualifying bean of type 'cn.coudou.infrastructure.persistent.dao.IRaffleActivityAccountMonthDao' available: expected at least 1 bean which qualifies as autowire candidate. Dependency annotations: {@javax.annotation.Resource(shareable=true, lookup=, name=, description=, authenticationType=CONTAINER, type=class java.lang.Object, mappedName=)}
	at org.springframework.beans.factory.support.ConstructorResolver.createArgumentArray(ConstructorResolver.java:800)
	at org.springframework.beans.factory.support.ConstructorResolver.autowireConstructor(ConstructorResolver.java:229)
	at org.springframework.beans.factory.support.AbstractAutowireCapableBeanFactory.autowireConstructor(AbstractAutowireCapableBeanFactory.java:1372)
	at org.springframework.beans.factory.support.AbstractAutowireCapableBeanFactory.createBeanInstance(AbstractAutowireCapableBeanFactory.java:1222)
	at org.springframework.beans.factory.support.AbstractAutowireCapableBeanFactory.doCreateBean(AbstractAutowireCapableBeanFactory.java:582)
	at org.springframework.beans.factory.support.AbstractAutowireCapableBeanFactory.createBean(AbstractAutowireCapableBeanFactory.java:542)
	at org.springframework.beans.factory.support.AbstractBeanFactory.lambda$doGetBean$0(AbstractBeanFactory.java:335)
	at org.springframework.beans.factory.support.DefaultSingletonBeanRegistry.getSingleton(DefaultSingletonBeanRegistry.java:234)
	at org.springframework.beans.factory.support.AbstractBeanFactory.doGetBean(AbstractBeanFactory.java:333)
	at org.springframework.beans.factory.support.AbstractBeanFactory.getBean(AbstractBeanFactory.java:208)
	at org.springframework.beans.factory.config.DependencyDescriptor.resolveCandidate(DependencyDescriptor.java:276)
	at org.springframework.beans.factory.support.DefaultListableBeanFactory.doResolveDependency(DefaultListableBeanFactory.java:1391)
	at org.springframework.beans.factory.support.DefaultListableBeanFactory.resolveDependency(DefaultListableBeanFactory.java:1311)
	at org.springframework.context.annotation.CommonAnnotationBeanPostProcessor.autowireResource(CommonAnnotationBeanPostProcessor.java:544)
	at org.springframework.context.annotation.CommonAnnotationBeanPostProcessor.getResource(CommonAnnotationBeanPostProcessor.java:520)
	at org.springframework.context.annotation.CommonAnnotationBeanPostProcessor$ResourceElement.getResourceToInject(CommonAnnotationBeanPostProcessor.java:673)
	at org.springframework.beans.factory.annotation.InjectionMetadata$InjectedElement.inject(InjectionMetadata.java:228)
	at org.springframework.beans.factory.annotation.InjectionMetadata.inject(InjectionMetadata.java:119)
	at org.springframework.context.annotation.CommonAnnotationBeanPostProcessor.postProcessProperties(CommonAnnotationBeanPostProcessor.java:329)
	... 43 common frames omitted
Caused by: org.springframework.beans.factory.BeanCreationException: Error creating bean with name 'activityRepository': Injection of resource dependencies failed; nested exception is org.springframework.beans.factory.NoSuchBeanDefinitionException: No qualifying bean of type 'cn.coudou.infrastructure.persistent.dao.IRaffleActivityAccountMonthDao' available: expected at least 1 bean which qualifies as autowire candidate. Dependency annotations: {@javax.annotation.Resource(shareable=true, lookup=, name=, description=, authenticationType=CONTAINER, type=class java.lang.Object, mappedName=)}
	at org.springframework.context.annotation.CommonAnnotationBeanPostProcessor.postProcessProperties(CommonAnnotationBeanPostProcessor.java:332)
	at org.springframework.beans.factory.support.AbstractAutowireCapableBeanFactory.populateBean(AbstractAutowireCapableBeanFactory.java:1431)
	at org.springframework.beans.factory.support.AbstractAutowireCapableBeanFactory.doCreateBean(AbstractAutowireCapableBeanFactory.java:619)
	at org.springframework.beans.factory.support.AbstractAutowireCapableBeanFactory.createBean(AbstractAutowireCapableBeanFactory.java:542)
	at org.springframework.beans.factory.support.AbstractBeanFactory.lambda$doGetBean$0(AbstractBeanFactory.java:335)
	at org.springframework.beans.factory.support.DefaultSingletonBeanRegistry.getSingleton(DefaultSingletonBeanRegistry.java:234)
	at org.springframework.beans.factory.support.AbstractBeanFactory.doGetBean(AbstractBeanFactory.java:333)
	at org.springframework.beans.factory.support.AbstractBeanFactory.getBean(AbstractBeanFactory.java:208)
	at org.springframework.beans.factory.config.DependencyDescriptor.resolveCandidate(DependencyDescriptor.java:276)
	at org.springframework.beans.factory.support.DefaultListableBeanFactory.doResolveDependency(DefaultListableBeanFactory.java:1391)
	at org.springframework.beans.factory.support.DefaultListableBeanFactory.resolveDependency(DefaultListableBeanFactory.java:1311)
	at org.springframework.beans.factory.support.ConstructorResolver.resolveAutowiredArgument(ConstructorResolver.java:887)
	at org.springframework.beans.factory.support.ConstructorResolver.createArgumentArray(ConstructorResolver.java:791)
	... 61 common frames omitted
Caused by: org.springframework.beans.factory.NoSuchBeanDefinitionException: No qualifying bean of type 'cn.coudou.infrastructure.persistent.dao.IRaffleActivityAccountMonthDao' available: expected at least 1 bean which qualifies as autowire candidate. Dependency annotations: {@javax.annotation.Resource(shareable=true, lookup=, name=, description=, authenticationType=CONTAINER, type=class java.lang.Object, mappedName=)}
	at org.springframework.beans.factory.support.DefaultListableBeanFactory.raiseNoMatchingBeanFound(DefaultListableBeanFactory.java:1801)
	at org.springframework.beans.factory.support.DefaultListableBeanFactory.doResolveDependency(DefaultListableBeanFactory.java:1357)
	at org.springframework.beans.factory.support.DefaultListableBeanFactory.resolveDependency(DefaultListableBeanFactory.java:1311)
	at org.springframework.context.annotation.CommonAnnotationBeanPostProcessor.autowireResource(CommonAnnotationBeanPostProcessor.java:544)
	at org.springframework.context.annotation.CommonAnnotationBeanPostProcessor.getResource(CommonAnnotationBeanPostProcessor.java:520)
	at org.springframework.context.annotation.CommonAnnotationBeanPostProcessor$ResourceElement.getResourceToInject(CommonAnnotationBeanPostProcessor.java:673)
	at org.springframework.beans.factory.annotation.InjectionMetadata$InjectedElement.inject(InjectionMetadata.java:228)
	at org.springframework.beans.factory.annotation.InjectionMetadata.inject(InjectionMetadata.java:119)
	at org.springframework.context.annotation.CommonAnnotationBeanPostProcessor.postProcessProperties(CommonAnnotationBeanPostProcessor.java:329)
	... 73 common frames omitted
25-06-23.19:43:24.839 [main            ] INFO  RaffleActivityPartakeServiceTest - Starting RaffleActivityPartakeServiceTest using Java 1.8.0_391 on LAPTOP-RN9B7MCO with PID 22272 (started by 11140 in E:\java\Project\big-market\big-market-app)
25-06-23.19:43:24.841 [main            ] INFO  RaffleActivityPartakeServiceTest - The following 1 profile is active: "dev"
25-06-23.19:43:26.491 [main            ] INFO  RepositoryConfigurationDelegate - Multiple Spring Data modules found, entering strict repository configuration mode
25-06-23.19:43:26.499 [main            ] INFO  RepositoryConfigurationDelegate - Bootstrapping Spring Data Redis repositories in DEFAULT mode.
25-06-23.19:43:26.752 [main            ] INFO  RepositoryConfigurationDelegate - Finished Spring Data repository scanning in 213 ms. Found 0 Redis repository interfaces.
25-06-23.19:43:30.413 [main            ] INFO  Version                - Redisson 3.23.4
25-06-23.19:43:31.404 [redisson-netty-2-4] INFO  MasterPubSubConnectionPool - 1 connections initialized for 192.168.48.128/192.168.48.128:16379
25-06-23.19:43:31.422 [redisson-netty-2-13] INFO  MasterConnectionPool   - 5 connections initialized for 192.168.48.128/192.168.48.128:16379
25-06-23.19:43:31.618 [main            ] WARN  GenericWebApplicationContext - Exception encountered during context initialization - cancelling refresh attempt: org.springframework.beans.factory.BeanCreationException: Error creating bean with name 'updateActivitySkuStockJob': Injection of resource dependencies failed; nested exception is org.springframework.beans.factory.UnsatisfiedDependencyException: Error creating bean with name 'raffleActivityAccountQuotaServiceAccountQuota' defined in file [E:\java\Project\big-market\big-market-domain\target\classes\cn\coudou\domain\activity\service\quota\RaffleActivityAccountQuotaServiceAccountQuota.class]: Unsatisfied dependency expressed through constructor parameter 0; nested exception is org.springframework.beans.factory.BeanCreationException: Error creating bean with name 'activityRepository': Injection of resource dependencies failed; nested exception is org.springframework.beans.factory.NoSuchBeanDefinitionException: No qualifying bean of type 'cn.coudou.infrastructure.persistent.dao.IRaffleActivityAccountMonthDao' available: expected at least 1 bean which qualifies as autowire candidate. Dependency annotations: {@javax.annotation.Resource(shareable=true, lookup=, name=, description=, authenticationType=CONTAINER, type=class java.lang.Object, mappedName=)}
25-06-23.19:43:31.676 [main            ] INFO  ConditionEvaluationReportLoggingListener - 

Error starting ApplicationContext. To display the conditions report re-run your application with 'debug' enabled.
25-06-23.19:43:31.716 [main            ] ERROR LoggingFailureAnalysisReporter - 

***************************
APPLICATION FAILED TO START
***************************

Description:

Parameter 0 of constructor in cn.coudou.domain.activity.service.quota.RaffleActivityAccountQuotaServiceAccountQuota required a bean of type 'cn.coudou.infrastructure.persistent.dao.IRaffleActivityAccountMonthDao' that could not be found.


Action:

Consider defining a bean of type 'cn.coudou.infrastructure.persistent.dao.IRaffleActivityAccountMonthDao' in your configuration.

25-06-23.19:43:31.720 [main            ] ERROR TestContextManager     - Caught exception while allowing TestExecutionListener [org.springframework.test.context.web.ServletTestExecutionListener@f79e] to prepare test instance [cn.coudou.test.domain.activity.RaffleActivityPartakeServiceTest@10fb4575]
java.lang.IllegalStateException: Failed to load ApplicationContext
	at org.springframework.test.context.cache.DefaultCacheAwareContextLoaderDelegate.loadContext(DefaultCacheAwareContextLoaderDelegate.java:98)
	at org.springframework.test.context.support.DefaultTestContext.getApplicationContext(DefaultTestContext.java:124)
	at org.springframework.test.context.web.ServletTestExecutionListener.setUpRequestContextIfNecessary(ServletTestExecutionListener.java:190)
	at org.springframework.test.context.web.ServletTestExecutionListener.prepareTestInstance(ServletTestExecutionListener.java:132)
	at org.springframework.test.context.TestContextManager.prepareTestInstance(TestContextManager.java:248)
	at org.springframework.test.context.junit4.SpringJUnit4ClassRunner.createTest(SpringJUnit4ClassRunner.java:227)
	at org.springframework.test.context.junit4.SpringJUnit4ClassRunner$1.runReflectiveCall(SpringJUnit4ClassRunner.java:289)
	at org.junit.internal.runners.model.ReflectiveCallable.run(ReflectiveCallable.java:12)
	at org.springframework.test.context.junit4.SpringJUnit4ClassRunner.methodBlock(SpringJUnit4ClassRunner.java:291)
	at org.springframework.test.context.junit4.SpringJUnit4ClassRunner.runChild(SpringJUnit4ClassRunner.java:246)
	at org.springframework.test.context.junit4.SpringJUnit4ClassRunner.runChild(SpringJUnit4ClassRunner.java:97)
	at org.junit.runners.ParentRunner$4.run(ParentRunner.java:331)
	at org.junit.runners.ParentRunner$1.schedule(ParentRunner.java:79)
	at org.junit.runners.ParentRunner.runChildren(ParentRunner.java:329)
	at org.junit.runners.ParentRunner.access$100(ParentRunner.java:66)
	at org.junit.runners.ParentRunner$2.evaluate(ParentRunner.java:293)
	at org.springframework.test.context.junit4.statements.RunBeforeTestClassCallbacks.evaluate(RunBeforeTestClassCallbacks.java:61)
	at org.springframework.test.context.junit4.statements.RunAfterTestClassCallbacks.evaluate(RunAfterTestClassCallbacks.java:70)
	at org.junit.runners.ParentRunner$3.evaluate(ParentRunner.java:306)
	at org.junit.runners.ParentRunner.run(ParentRunner.java:413)
	at org.springframework.test.context.junit4.SpringJUnit4ClassRunner.run(SpringJUnit4ClassRunner.java:190)
	at org.junit.runner.JUnitCore.run(JUnitCore.java:137)
	at com.intellij.junit4.JUnit4IdeaTestRunner.startRunnerWithArgs(JUnit4IdeaTestRunner.java:69)
	at com.intellij.rt.junit.IdeaTestRunner$Repeater$1.execute(IdeaTestRunner.java:38)
	at com.intellij.rt.execution.junit.TestsRepeater.repeat(TestsRepeater.java:11)
	at com.intellij.rt.junit.IdeaTestRunner$Repeater.startRunnerWithArgs(IdeaTestRunner.java:35)
	at com.intellij.rt.junit.JUnitStarter.prepareStreamsAndStart(JUnitStarter.java:232)
	at com.intellij.rt.junit.JUnitStarter.main(JUnitStarter.java:55)
Caused by: org.springframework.beans.factory.BeanCreationException: Error creating bean with name 'updateActivitySkuStockJob': Injection of resource dependencies failed; nested exception is org.springframework.beans.factory.UnsatisfiedDependencyException: Error creating bean with name 'raffleActivityAccountQuotaServiceAccountQuota' defined in file [E:\java\Project\big-market\big-market-domain\target\classes\cn\coudou\domain\activity\service\quota\RaffleActivityAccountQuotaServiceAccountQuota.class]: Unsatisfied dependency expressed through constructor parameter 0; nested exception is org.springframework.beans.factory.BeanCreationException: Error creating bean with name 'activityRepository': Injection of resource dependencies failed; nested exception is org.springframework.beans.factory.NoSuchBeanDefinitionException: No qualifying bean of type 'cn.coudou.infrastructure.persistent.dao.IRaffleActivityAccountMonthDao' available: expected at least 1 bean which qualifies as autowire candidate. Dependency annotations: {@javax.annotation.Resource(shareable=true, lookup=, name=, description=, authenticationType=CONTAINER, type=class java.lang.Object, mappedName=)}
	at org.springframework.context.annotation.CommonAnnotationBeanPostProcessor.postProcessProperties(CommonAnnotationBeanPostProcessor.java:332)
	at org.springframework.beans.factory.support.AbstractAutowireCapableBeanFactory.populateBean(AbstractAutowireCapableBeanFactory.java:1431)
	at org.springframework.beans.factory.support.AbstractAutowireCapableBeanFactory.doCreateBean(AbstractAutowireCapableBeanFactory.java:619)
	at org.springframework.beans.factory.support.AbstractAutowireCapableBeanFactory.createBean(AbstractAutowireCapableBeanFactory.java:542)
	at org.springframework.beans.factory.support.AbstractBeanFactory.lambda$doGetBean$0(AbstractBeanFactory.java:335)
	at org.springframework.beans.factory.support.DefaultSingletonBeanRegistry.getSingleton(DefaultSingletonBeanRegistry.java:234)
	at org.springframework.beans.factory.support.AbstractBeanFactory.doGetBean(AbstractBeanFactory.java:333)
	at org.springframework.beans.factory.support.AbstractBeanFactory.getBean(AbstractBeanFactory.java:208)
	at org.springframework.beans.factory.support.DefaultListableBeanFactory.preInstantiateSingletons(DefaultListableBeanFactory.java:955)
	at org.springframework.context.support.AbstractApplicationContext.finishBeanFactoryInitialization(AbstractApplicationContext.java:920)
	at org.springframework.context.support.AbstractApplicationContext.refresh(AbstractApplicationContext.java:583)
	at org.springframework.boot.SpringApplication.refresh(SpringApplication.java:731)
	at org.springframework.boot.SpringApplication.refreshContext(SpringApplication.java:408)
	at org.springframework.boot.SpringApplication.run(SpringApplication.java:307)
	at org.springframework.boot.test.context.SpringBootContextLoader.loadContext(SpringBootContextLoader.java:136)
	at org.springframework.test.context.cache.DefaultCacheAwareContextLoaderDelegate.loadContextInternal(DefaultCacheAwareContextLoaderDelegate.java:141)
	at org.springframework.test.context.cache.DefaultCacheAwareContextLoaderDelegate.loadContext(DefaultCacheAwareContextLoaderDelegate.java:90)
	... 27 common frames omitted
Caused by: org.springframework.beans.factory.UnsatisfiedDependencyException: Error creating bean with name 'raffleActivityAccountQuotaServiceAccountQuota' defined in file [E:\java\Project\big-market\big-market-domain\target\classes\cn\coudou\domain\activity\service\quota\RaffleActivityAccountQuotaServiceAccountQuota.class]: Unsatisfied dependency expressed through constructor parameter 0; nested exception is org.springframework.beans.factory.BeanCreationException: Error creating bean with name 'activityRepository': Injection of resource dependencies failed; nested exception is org.springframework.beans.factory.NoSuchBeanDefinitionException: No qualifying bean of type 'cn.coudou.infrastructure.persistent.dao.IRaffleActivityAccountMonthDao' available: expected at least 1 bean which qualifies as autowire candidate. Dependency annotations: {@javax.annotation.Resource(shareable=true, lookup=, name=, description=, authenticationType=CONTAINER, type=class java.lang.Object, mappedName=)}
	at org.springframework.beans.factory.support.ConstructorResolver.createArgumentArray(ConstructorResolver.java:800)
	at org.springframework.beans.factory.support.ConstructorResolver.autowireConstructor(ConstructorResolver.java:229)
	at org.springframework.beans.factory.support.AbstractAutowireCapableBeanFactory.autowireConstructor(AbstractAutowireCapableBeanFactory.java:1372)
	at org.springframework.beans.factory.support.AbstractAutowireCapableBeanFactory.createBeanInstance(AbstractAutowireCapableBeanFactory.java:1222)
	at org.springframework.beans.factory.support.AbstractAutowireCapableBeanFactory.doCreateBean(AbstractAutowireCapableBeanFactory.java:582)
	at org.springframework.beans.factory.support.AbstractAutowireCapableBeanFactory.createBean(AbstractAutowireCapableBeanFactory.java:542)
	at org.springframework.beans.factory.support.AbstractBeanFactory.lambda$doGetBean$0(AbstractBeanFactory.java:335)
	at org.springframework.beans.factory.support.DefaultSingletonBeanRegistry.getSingleton(DefaultSingletonBeanRegistry.java:234)
	at org.springframework.beans.factory.support.AbstractBeanFactory.doGetBean(AbstractBeanFactory.java:333)
	at org.springframework.beans.factory.support.AbstractBeanFactory.getBean(AbstractBeanFactory.java:208)
	at org.springframework.beans.factory.config.DependencyDescriptor.resolveCandidate(DependencyDescriptor.java:276)
	at org.springframework.beans.factory.support.DefaultListableBeanFactory.doResolveDependency(DefaultListableBeanFactory.java:1391)
	at org.springframework.beans.factory.support.DefaultListableBeanFactory.resolveDependency(DefaultListableBeanFactory.java:1311)
	at org.springframework.context.annotation.CommonAnnotationBeanPostProcessor.autowireResource(CommonAnnotationBeanPostProcessor.java:544)
	at org.springframework.context.annotation.CommonAnnotationBeanPostProcessor.getResource(CommonAnnotationBeanPostProcessor.java:520)
	at org.springframework.context.annotation.CommonAnnotationBeanPostProcessor$ResourceElement.getResourceToInject(CommonAnnotationBeanPostProcessor.java:673)
	at org.springframework.beans.factory.annotation.InjectionMetadata$InjectedElement.inject(InjectionMetadata.java:228)
	at org.springframework.beans.factory.annotation.InjectionMetadata.inject(InjectionMetadata.java:119)
	at org.springframework.context.annotation.CommonAnnotationBeanPostProcessor.postProcessProperties(CommonAnnotationBeanPostProcessor.java:329)
	... 43 common frames omitted
Caused by: org.springframework.beans.factory.BeanCreationException: Error creating bean with name 'activityRepository': Injection of resource dependencies failed; nested exception is org.springframework.beans.factory.NoSuchBeanDefinitionException: No qualifying bean of type 'cn.coudou.infrastructure.persistent.dao.IRaffleActivityAccountMonthDao' available: expected at least 1 bean which qualifies as autowire candidate. Dependency annotations: {@javax.annotation.Resource(shareable=true, lookup=, name=, description=, authenticationType=CONTAINER, type=class java.lang.Object, mappedName=)}
	at org.springframework.context.annotation.CommonAnnotationBeanPostProcessor.postProcessProperties(CommonAnnotationBeanPostProcessor.java:332)
	at org.springframework.beans.factory.support.AbstractAutowireCapableBeanFactory.populateBean(AbstractAutowireCapableBeanFactory.java:1431)
	at org.springframework.beans.factory.support.AbstractAutowireCapableBeanFactory.doCreateBean(AbstractAutowireCapableBeanFactory.java:619)
	at org.springframework.beans.factory.support.AbstractAutowireCapableBeanFactory.createBean(AbstractAutowireCapableBeanFactory.java:542)
	at org.springframework.beans.factory.support.AbstractBeanFactory.lambda$doGetBean$0(AbstractBeanFactory.java:335)
	at org.springframework.beans.factory.support.DefaultSingletonBeanRegistry.getSingleton(DefaultSingletonBeanRegistry.java:234)
	at org.springframework.beans.factory.support.AbstractBeanFactory.doGetBean(AbstractBeanFactory.java:333)
	at org.springframework.beans.factory.support.AbstractBeanFactory.getBean(AbstractBeanFactory.java:208)
	at org.springframework.beans.factory.config.DependencyDescriptor.resolveCandidate(DependencyDescriptor.java:276)
	at org.springframework.beans.factory.support.DefaultListableBeanFactory.doResolveDependency(DefaultListableBeanFactory.java:1391)
	at org.springframework.beans.factory.support.DefaultListableBeanFactory.resolveDependency(DefaultListableBeanFactory.java:1311)
	at org.springframework.beans.factory.support.ConstructorResolver.resolveAutowiredArgument(ConstructorResolver.java:887)
	at org.springframework.beans.factory.support.ConstructorResolver.createArgumentArray(ConstructorResolver.java:791)
	... 61 common frames omitted
Caused by: org.springframework.beans.factory.NoSuchBeanDefinitionException: No qualifying bean of type 'cn.coudou.infrastructure.persistent.dao.IRaffleActivityAccountMonthDao' available: expected at least 1 bean which qualifies as autowire candidate. Dependency annotations: {@javax.annotation.Resource(shareable=true, lookup=, name=, description=, authenticationType=CONTAINER, type=class java.lang.Object, mappedName=)}
	at org.springframework.beans.factory.support.DefaultListableBeanFactory.raiseNoMatchingBeanFound(DefaultListableBeanFactory.java:1801)
	at org.springframework.beans.factory.support.DefaultListableBeanFactory.doResolveDependency(DefaultListableBeanFactory.java:1357)
	at org.springframework.beans.factory.support.DefaultListableBeanFactory.resolveDependency(DefaultListableBeanFactory.java:1311)
	at org.springframework.context.annotation.CommonAnnotationBeanPostProcessor.autowireResource(CommonAnnotationBeanPostProcessor.java:544)
	at org.springframework.context.annotation.CommonAnnotationBeanPostProcessor.getResource(CommonAnnotationBeanPostProcessor.java:520)
	at org.springframework.context.annotation.CommonAnnotationBeanPostProcessor$ResourceElement.getResourceToInject(CommonAnnotationBeanPostProcessor.java:673)
	at org.springframework.beans.factory.annotation.InjectionMetadata$InjectedElement.inject(InjectionMetadata.java:228)
	at org.springframework.beans.factory.annotation.InjectionMetadata.inject(InjectionMetadata.java:119)
	at org.springframework.context.annotation.CommonAnnotationBeanPostProcessor.postProcessProperties(CommonAnnotationBeanPostProcessor.java:329)
	... 73 common frames omitted
25-06-23.19:44:38.098 [main            ] INFO  RaffleActivityPartakeServiceTest - Starting RaffleActivityPartakeServiceTest using Java 1.8.0_391 on LAPTOP-RN9B7MCO with PID 22368 (started by 11140 in E:\java\Project\big-market\big-market-app)
25-06-23.19:44:38.100 [main            ] INFO  RaffleActivityPartakeServiceTest - The following 1 profile is active: "dev"
25-06-23.19:44:40.783 [main            ] INFO  RepositoryConfigurationDelegate - Multiple Spring Data modules found, entering strict repository configuration mode
25-06-23.19:44:40.792 [main            ] INFO  RepositoryConfigurationDelegate - Bootstrapping Spring Data Redis repositories in DEFAULT mode.
25-06-23.19:44:40.953 [main            ] INFO  RepositoryConfigurationDelegate - Finished Spring Data repository scanning in 116 ms. Found 0 Redis repository interfaces.
25-06-23.19:44:44.567 [main            ] INFO  Version                - Redisson 3.23.4
25-06-23.19:44:45.585 [redisson-netty-2-4] INFO  MasterPubSubConnectionPool - 1 connections initialized for 192.168.48.128/192.168.48.128:16379
25-06-23.19:44:45.603 [redisson-netty-2-13] INFO  MasterConnectionPool   - 5 connections initialized for 192.168.48.128/192.168.48.128:16379
25-06-23.19:44:50.439 [main            ] INFO  EndpointLinksResolver  - Exposing 1 endpoint(s) beneath base path '/actuator'
25-06-23.19:44:50.566 [main            ] INFO  CachingConnectionFactory - Attempting to connect to: [192.168.48.128:5672]
25-06-23.19:44:50.733 [main            ] INFO  CachingConnectionFactory - Created new connection: rabbitConnectionFactory#27d98bef:0/SimpleConnection@5e46a125 [delegate=amqp://admin@192.168.48.128:5672/, localPort= 7409]
25-06-23.19:44:50.841 [main            ] INFO  RaffleActivityPartakeServiceTest - Started RaffleActivityPartakeServiceTest in 13.424 seconds (JVM running for 15.898)
25-06-23.19:44:51.626 [main            ] INFO  HikariDataSource       - Retail_HikariCP - Starting...
25-06-23.19:44:52.127 [main            ] INFO  HikariDataSource       - Retail_HikariCP - Start completed.
25-06-23.19:44:52.238 [org.springframework.amqp.rabbit.RabbitListenerEndpointContainer#0-2] INFO  SimpleMessageListenerContainer - Waiting for workers to finish.
25-06-23.19:44:52.851 [org.springframework.amqp.rabbit.RabbitListenerEndpointContainer#0-2] INFO  SimpleMessageListenerContainer - Successfully waited for workers to finish.
25-06-23.19:44:52.855 [SpringApplicationShutdownHook] INFO  SimpleMessageListenerContainer - Shutdown ignored - container is already stopped
25-06-23.19:45:16.752 [main            ] INFO  RaffleActivityPartakeServiceTest - Starting RaffleActivityPartakeServiceTest using Java 1.8.0_391 on LAPTOP-RN9B7MCO with PID 17644 (started by 11140 in E:\java\Project\big-market\big-market-app)
25-06-23.19:45:16.753 [main            ] INFO  RaffleActivityPartakeServiceTest - The following 1 profile is active: "dev"
25-06-23.19:45:18.153 [main            ] INFO  RepositoryConfigurationDelegate - Multiple Spring Data modules found, entering strict repository configuration mode
25-06-23.19:45:18.157 [main            ] INFO  RepositoryConfigurationDelegate - Bootstrapping Spring Data Redis repositories in DEFAULT mode.
25-06-23.19:45:18.221 [main            ] INFO  RepositoryConfigurationDelegate - Finished Spring Data repository scanning in 48 ms. Found 0 Redis repository interfaces.
25-06-23.19:45:21.205 [main            ] INFO  Version                - Redisson 3.23.4
25-06-23.19:45:22.206 [redisson-netty-2-4] INFO  MasterPubSubConnectionPool - 1 connections initialized for 192.168.48.128/192.168.48.128:16379
25-06-23.19:45:22.223 [redisson-netty-2-13] INFO  MasterConnectionPool   - 5 connections initialized for 192.168.48.128/192.168.48.128:16379
25-06-23.19:45:27.173 [main            ] INFO  EndpointLinksResolver  - Exposing 1 endpoint(s) beneath base path '/actuator'
25-06-23.19:45:27.298 [main            ] INFO  CachingConnectionFactory - Attempting to connect to: [192.168.48.128:5672]
25-06-23.19:45:27.390 [main            ] INFO  CachingConnectionFactory - Created new connection: rabbitConnectionFactory#5bb7a59:0/SimpleConnection@7028b5cc [delegate=amqp://admin@192.168.48.128:5672/, localPort= 7531]
25-06-23.19:45:27.473 [main            ] INFO  RaffleActivityPartakeServiceTest - Started RaffleActivityPartakeServiceTest in 11.462 seconds (JVM running for 13.595)
25-06-23.19:45:27.972 [main            ] INFO  HikariDataSource       - Retail_HikariCP - Starting...
25-06-23.19:45:28.375 [main            ] INFO  HikariDataSource       - Retail_HikariCP - Start completed.
25-06-23.19:45:28.787 [main            ] INFO  RaffleActivityPartakeServiceTest - 请求参数：{"activityId":100301,"userId":"xiaofuge"}
25-06-23.19:45:28.794 [main            ] INFO  RaffleActivityPartakeServiceTest - 测试结果：{"activityId":100301,"activityName":"测试活动","orderId":"543941033296","orderState":"create","orderTime":1750679127836,"strategyId":100006,"userId":"xiaofuge"}
25-06-23.19:45:28.810 [org.springframework.amqp.rabbit.RabbitListenerEndpointContainer#0-2] INFO  SimpleMessageListenerContainer - Waiting for workers to finish.
25-06-23.19:45:29.465 [org.springframework.amqp.rabbit.RabbitListenerEndpointContainer#0-2] INFO  SimpleMessageListenerContainer - Successfully waited for workers to finish.
25-06-23.19:45:29.467 [SpringApplicationShutdownHook] INFO  SimpleMessageListenerContainer - Shutdown ignored - container is already stopped
25-06-23.19:45:45.094 [main            ] INFO  RaffleActivityPartakeServiceTest - Starting RaffleActivityPartakeServiceTest using Java 1.8.0_391 on LAPTOP-RN9B7MCO with PID 21168 (started by 11140 in E:\java\Project\big-market\big-market-app)
25-06-23.19:45:45.096 [main            ] INFO  RaffleActivityPartakeServiceTest - The following 1 profile is active: "dev"
25-06-23.19:45:47.046 [main            ] INFO  RepositoryConfigurationDelegate - Multiple Spring Data modules found, entering strict repository configuration mode
25-06-23.19:45:47.050 [main            ] INFO  RepositoryConfigurationDelegate - Bootstrapping Spring Data Redis repositories in DEFAULT mode.
25-06-23.19:45:47.160 [main            ] INFO  RepositoryConfigurationDelegate - Finished Spring Data repository scanning in 86 ms. Found 0 Redis repository interfaces.
25-06-23.19:45:50.474 [main            ] INFO  Version                - Redisson 3.23.4
25-06-23.19:45:51.553 [redisson-netty-2-4] INFO  MasterPubSubConnectionPool - 1 connections initialized for 192.168.48.128/192.168.48.128:16379
25-06-23.19:45:51.573 [redisson-netty-2-13] INFO  MasterConnectionPool   - 5 connections initialized for 192.168.48.128/192.168.48.128:16379
25-06-23.19:45:56.476 [main            ] INFO  EndpointLinksResolver  - Exposing 1 endpoint(s) beneath base path '/actuator'
25-06-23.19:45:56.640 [main            ] INFO  CachingConnectionFactory - Attempting to connect to: [192.168.48.128:5672]
25-06-23.19:45:56.729 [main            ] INFO  CachingConnectionFactory - Created new connection: rabbitConnectionFactory#62faf77:0/SimpleConnection@24c84e65 [delegate=amqp://admin@192.168.48.128:5672/, localPort= 7633]
25-06-23.19:45:56.824 [main            ] INFO  RaffleActivityPartakeServiceTest - Started RaffleActivityPartakeServiceTest in 12.322 seconds (JVM running for 13.934)
25-06-23.19:45:57.288 [main            ] INFO  HikariDataSource       - Retail_HikariCP - Starting...
25-06-23.19:45:57.706 [main            ] INFO  HikariDataSource       - Retail_HikariCP - Start completed.
25-06-23.19:45:58.101 [main            ] INFO  AbstractRaffleActivityPartake - 创建参与活动订单 userId:xiaofuge activityId:100301 userRaffleOrderEntity:{"activityId":100301,"activityName":"测试活动","orderId":"543941033296","orderState":"create","orderTime":1750679128000,"strategyId":100006,"userId":"xiaofuge"}
25-06-23.19:45:58.105 [main            ] INFO  RaffleActivityPartakeServiceTest - 请求参数：{"activityId":100301,"userId":"xiaofuge"}
25-06-23.19:45:58.106 [main            ] INFO  RaffleActivityPartakeServiceTest - 测试结果：{"activityId":100301,"activityName":"测试活动","orderId":"543941033296","orderState":"create","orderTime":1750679128000,"strategyId":100006,"userId":"xiaofuge"}
25-06-23.19:45:58.133 [org.springframework.amqp.rabbit.RabbitListenerEndpointContainer#0-2] INFO  SimpleMessageListenerContainer - Waiting for workers to finish.
25-06-23.19:45:58.810 [org.springframework.amqp.rabbit.RabbitListenerEndpointContainer#0-2] INFO  SimpleMessageListenerContainer - Successfully waited for workers to finish.
25-06-23.19:45:58.813 [SpringApplicationShutdownHook] INFO  SimpleMessageListenerContainer - Shutdown ignored - container is already stopped
25-06-23.19:47:31.394 [main            ] INFO  RaffleActivityPartakeServiceTest - Starting RaffleActivityPartakeServiceTest using Java 1.8.0_391 on LAPTOP-RN9B7MCO with PID 21996 (started by 11140 in E:\java\Project\big-market\big-market-app)
25-06-23.19:47:31.396 [main            ] INFO  RaffleActivityPartakeServiceTest - The following 1 profile is active: "dev"
25-06-23.19:47:33.134 [main            ] INFO  RepositoryConfigurationDelegate - Multiple Spring Data modules found, entering strict repository configuration mode
25-06-23.19:47:33.142 [main            ] INFO  RepositoryConfigurationDelegate - Bootstrapping Spring Data Redis repositories in DEFAULT mode.
25-06-23.19:47:33.256 [main            ] INFO  RepositoryConfigurationDelegate - Finished Spring Data repository scanning in 86 ms. Found 0 Redis repository interfaces.
25-06-23.19:47:37.458 [main            ] INFO  Version                - Redisson 3.23.4
25-06-23.19:47:38.947 [redisson-netty-2-4] INFO  MasterPubSubConnectionPool - 1 connections initialized for 192.168.48.128/192.168.48.128:16379
25-06-23.19:47:38.968 [redisson-netty-2-13] INFO  MasterConnectionPool   - 5 connections initialized for 192.168.48.128/192.168.48.128:16379
25-06-23.19:47:44.862 [main            ] INFO  EndpointLinksResolver  - Exposing 1 endpoint(s) beneath base path '/actuator'
25-06-23.19:47:45.051 [main            ] INFO  CachingConnectionFactory - Attempting to connect to: [192.168.48.128:5672]
25-06-23.19:47:45.185 [main            ] INFO  CachingConnectionFactory - Created new connection: rabbitConnectionFactory#27d98bef:0/SimpleConnection@5e46a125 [delegate=amqp://admin@192.168.48.128:5672/, localPort= 7780]
25-06-23.19:47:45.327 [main            ] INFO  RaffleActivityPartakeServiceTest - Started RaffleActivityPartakeServiceTest in 14.788 seconds (JVM running for 17.129)
25-06-23.19:47:45.828 [main            ] INFO  HikariDataSource       - Retail_HikariCP - Starting...
25-06-23.19:47:46.366 [main            ] INFO  HikariDataSource       - Retail_HikariCP - Start completed.
25-06-23.19:47:46.894 [main            ] INFO  RaffleActivityPartakeServiceTest - 请求参数：{"activityId":100301,"userId":"coudou"}
25-06-23.19:47:46.907 [main            ] INFO  RaffleActivityPartakeServiceTest - 测试结果：{"activityId":100301,"activityName":"测试活动","orderId":"580660146235","orderState":"create","orderTime":1750679265687,"strategyId":100006,"userId":"coudou"}
25-06-23.19:47:46.932 [org.springframework.amqp.rabbit.RabbitListenerEndpointContainer#0-2] INFO  SimpleMessageListenerContainer - Waiting for workers to finish.
25-06-23.19:47:47.320 [org.springframework.amqp.rabbit.RabbitListenerEndpointContainer#0-2] INFO  SimpleMessageListenerContainer - Successfully waited for workers to finish.
25-06-23.19:47:47.324 [SpringApplicationShutdownHook] INFO  SimpleMessageListenerContainer - Shutdown ignored - container is already stopped
25-06-23.19:49:19.834 [main            ] INFO  RaffleActivityPartakeServiceTest - Starting RaffleActivityPartakeServiceTest using Java 1.8.0_391 on LAPTOP-RN9B7MCO with PID 9252 (started by 11140 in E:\java\Project\big-market\big-market-app)
25-06-23.19:49:19.835 [main            ] INFO  RaffleActivityPartakeServiceTest - The following 1 profile is active: "dev"
25-06-23.19:49:21.667 [main            ] INFO  RepositoryConfigurationDelegate - Multiple Spring Data modules found, entering strict repository configuration mode
25-06-23.19:49:21.681 [main            ] INFO  RepositoryConfigurationDelegate - Bootstrapping Spring Data Redis repositories in DEFAULT mode.
25-06-23.19:49:21.784 [main            ] INFO  RepositoryConfigurationDelegate - Finished Spring Data repository scanning in 71 ms. Found 0 Redis repository interfaces.
25-06-23.19:49:25.086 [main            ] INFO  Version                - Redisson 3.23.4
25-06-23.19:49:26.185 [redisson-netty-2-4] INFO  MasterPubSubConnectionPool - 1 connections initialized for 192.168.48.128/192.168.48.128:16379
25-06-23.19:49:26.203 [redisson-netty-2-13] INFO  MasterConnectionPool   - 5 connections initialized for 192.168.48.128/192.168.48.128:16379
25-06-23.19:49:31.113 [main            ] INFO  EndpointLinksResolver  - Exposing 1 endpoint(s) beneath base path '/actuator'
25-06-23.19:49:31.295 [main            ] INFO  CachingConnectionFactory - Attempting to connect to: [192.168.48.128:5672]
25-06-23.19:49:31.390 [main            ] INFO  CachingConnectionFactory - Created new connection: rabbitConnectionFactory#62faf77:0/SimpleConnection@4604e051 [delegate=amqp://admin@192.168.48.128:5672/, localPort= 7912]
25-06-23.19:49:31.480 [main            ] INFO  RaffleActivityPartakeServiceTest - Started RaffleActivityPartakeServiceTest in 12.067 seconds (JVM running for 13.726)
25-06-23.19:49:31.941 [main            ] INFO  HikariDataSource       - Retail_HikariCP - Starting...
25-06-23.19:49:32.351 [main            ] INFO  HikariDataSource       - Retail_HikariCP - Start completed.
25-06-23.19:49:32.714 [main            ] INFO  AbstractRaffleActivityPartake - 创建参与活动订单 userId:coudou activityId:100301 userRaffleOrderEntity:{"activityId":100301,"activityName":"测试活动","orderId":"580660146235","orderState":"create","orderTime":1750679266000,"strategyId":100006,"userId":"coudou"}
25-06-23.19:49:32.718 [main            ] INFO  RaffleActivityPartakeServiceTest - 请求参数：{"activityId":100301,"userId":"coudou"}
25-06-23.19:49:32.719 [main            ] INFO  RaffleActivityPartakeServiceTest - 测试结果：{"activityId":100301,"activityName":"测试活动","orderId":"580660146235","orderState":"create","orderTime":1750679266000,"strategyId":100006,"userId":"coudou"}
25-06-23.19:49:32.745 [org.springframework.amqp.rabbit.RabbitListenerEndpointContainer#0-2] INFO  SimpleMessageListenerContainer - Waiting for workers to finish.
25-06-23.19:49:33.467 [org.springframework.amqp.rabbit.RabbitListenerEndpointContainer#0-2] INFO  SimpleMessageListenerContainer - Successfully waited for workers to finish.
25-06-23.19:49:33.471 [SpringApplicationShutdownHook] INFO  SimpleMessageListenerContainer - Shutdown ignored - container is already stopped
25-06-23.19:50:06.180 [main            ] INFO  RaffleActivityPartakeServiceTest - Starting RaffleActivityPartakeServiceTest using Java 1.8.0_391 on LAPTOP-RN9B7MCO with PID 20188 (started by 11140 in E:\java\Project\big-market\big-market-app)
25-06-23.19:50:06.181 [main            ] INFO  RaffleActivityPartakeServiceTest - The following 1 profile is active: "dev"
25-06-23.19:50:07.386 [main            ] INFO  RepositoryConfigurationDelegate - Multiple Spring Data modules found, entering strict repository configuration mode
25-06-23.19:50:07.390 [main            ] INFO  RepositoryConfigurationDelegate - Bootstrapping Spring Data Redis repositories in DEFAULT mode.
25-06-23.19:50:07.449 [main            ] INFO  RepositoryConfigurationDelegate - Finished Spring Data repository scanning in 47 ms. Found 0 Redis repository interfaces.
25-06-23.19:50:10.774 [main            ] INFO  Version                - Redisson 3.23.4
25-06-23.19:50:11.787 [redisson-netty-2-4] INFO  MasterPubSubConnectionPool - 1 connections initialized for 192.168.48.128/192.168.48.128:16379
25-06-23.19:50:11.806 [redisson-netty-2-13] INFO  MasterConnectionPool   - 5 connections initialized for 192.168.48.128/192.168.48.128:16379
25-06-23.19:50:16.891 [main            ] INFO  EndpointLinksResolver  - Exposing 1 endpoint(s) beneath base path '/actuator'
25-06-23.19:50:17.044 [main            ] INFO  CachingConnectionFactory - Attempting to connect to: [192.168.48.128:5672]
25-06-23.19:50:17.147 [main            ] INFO  CachingConnectionFactory - Created new connection: rabbitConnectionFactory#62faf77:0/SimpleConnection@4604e051 [delegate=amqp://admin@192.168.48.128:5672/, localPort= 8020]
25-06-23.19:50:17.258 [main            ] INFO  RaffleActivityPartakeServiceTest - Started RaffleActivityPartakeServiceTest in 11.505 seconds (JVM running for 13.012)
25-06-23.19:50:17.742 [main            ] INFO  HikariDataSource       - Retail_HikariCP - Starting...
25-06-23.19:50:18.137 [main            ] INFO  HikariDataSource       - Retail_HikariCP - Start completed.
25-06-23.19:50:18.521 [main            ] INFO  RaffleActivityPartakeServiceTest - 请求参数：{"activityId":100301,"userId":"coudou"}
25-06-23.19:50:18.529 [main            ] INFO  RaffleActivityPartakeServiceTest - 测试结果：{"activityId":100301,"activityName":"测试活动","orderId":"059139641252","orderState":"create","orderTime":1750679417590,"strategyId":100006,"userId":"coudou"}
25-06-23.19:50:18.556 [org.springframework.amqp.rabbit.RabbitListenerEndpointContainer#0-2] INFO  SimpleMessageListenerContainer - Waiting for workers to finish.
25-06-23.19:50:19.243 [org.springframework.amqp.rabbit.RabbitListenerEndpointContainer#0-2] INFO  SimpleMessageListenerContainer - Successfully waited for workers to finish.
25-06-23.19:50:19.246 [SpringApplicationShutdownHook] INFO  SimpleMessageListenerContainer - Shutdown ignored - container is already stopped
