25-06-11.14:17:52.396 [main            ] INFO  RaffleStrategyTest     - Starting RaffleStrategyTest using Java 1.8.0_391 on LAPTOP-RN9B7MCO with PID 27740 (started by 11140 in E:\java\Project\big-market\big-market-app)
25-06-11.14:17:52.397 [main            ] INFO  RaffleStrategyTest     - The following 1 profile is active: "dev"
25-06-11.14:17:53.899 [main            ] INFO  RepositoryConfigurationDelegate - Multiple Spring Data modules found, entering strict repository configuration mode
25-06-11.14:17:53.907 [main            ] INFO  RepositoryConfigurationDelegate - Bootstrapping Spring Data Redis repositories in DEFAULT mode.
25-06-11.14:17:53.974 [main            ] INFO  RepositoryConfigurationDelegate - Finished Spring Data repository scanning in 36 ms. Found 0 Redis repository interfaces.
25-06-11.14:17:56.693 [main            ] INFO  Version                - Redisson 3.23.4
25-06-11.14:17:57.638 [redisson-netty-2-4] INFO  MasterPubSubConnectionPool - 1 connections initialized for 192.168.48.128/192.168.48.128:16379
25-06-11.14:17:57.657 [redisson-netty-2-13] INFO  MasterConnectionPool   - 5 connections initialized for 192.168.48.128/192.168.48.128:16379
25-06-11.14:18:00.003 [main            ] INFO  EndpointLinksResolver  - Exposing 1 endpoint(s) beneath base path '/actuator'
25-06-11.14:18:00.096 [main            ] INFO  RaffleStrategyTest     - Started RaffleStrategyTest in 8.341 seconds (JVM running for 9.76)
25-06-11.14:18:00.889 [main            ] INFO  HikariDataSource       - HikariPool-1 - Starting...
25-06-11.14:18:02.174 [main            ] INFO  HikariDataSource       - HikariPool-1 - Start completed.
25-06-11.14:18:02.282 [main            ] INFO  RaffleStrategyTest     - 测试结果：true
25-06-11.14:18:02.335 [main            ] INFO  RaffleStrategyTest     - 测试结果：true
25-06-11.14:18:02.346 [main            ] INFO  DefaultLogicChain      - 抽奖责任链-默认处理 userId: coudou strategyId: 100006 ruleModel: rule_default awardId: 102
25-06-11.14:18:02.348 [main            ] INFO  AbstractRaffleStrategy - 抽奖策略计算-责任链 coudou 100006 102 rule_default
25-06-11.14:18:02.378 [main            ] INFO  DecisionTreeEngine     - 决策树引擎【规则树】treeId:tree_lock node:rule_lock code:0000
25-06-11.14:18:02.379 [main            ] INFO  DecisionTreeEngine     - 决策树引擎【规则树】treeId:tree_lock node:rule_stock code:0001
25-06-11.14:18:02.381 [main            ] INFO  DecisionTreeEngine     - 决策树引擎【规则树】treeId:tree_lock node:rule_luck_award code:0001
25-06-11.14:18:02.381 [main            ] INFO  AbstractRaffleStrategy - 抽奖策略计算-规则树 coudou 100006 101 1,100
25-06-11.14:18:02.629 [main            ] INFO  RaffleStrategyTest     - 请求参数：{"strategyId":100006,"userId":"coudou"}
25-06-11.14:18:02.632 [main            ] INFO  RaffleStrategyTest     - 测试结果：{"awardConfig":"1,100","awardId":101}
25-06-11.14:18:02.677 [SpringApplicationShutdownHook] INFO  HikariDataSource       - HikariPool-1 - Shutdown initiated...
25-06-11.14:18:02.696 [SpringApplicationShutdownHook] INFO  HikariDataSource       - HikariPool-1 - Shutdown completed.
